<?xml version="1.0" encoding="UTF-8"?>
<!-- Generated by org.testng.reporters.JUnitReportReporter -->
<testsuite hostname="DESKTOP-HT3PLU5" failures="0" tests="1" name="Testcases.TC2_Check_ForgotPassword" time="1.188" errors="0" timestamp="2023-06-09T14:30:22 IST" skipped="0">
  <testcase classname="Testcases.TC2_Check_ForgotPassword" name="forgotpassworddisplay" time="1.188"/>
  <system-out/>
</testsuite> <!-- Testcases.TC2_Check_ForgotPassword -->
