<?xml version="1.0" encoding="UTF-8"?>
<!-- Generated by org.testng.reporters.JUnitReportReporter -->
<testsuite hostname="DESKTOP-HT3PLU5" failures="0" tests="1" name="Base.BrowserLaunch" time="2.755" errors="0" timestamp="2023-05-04T17:29:59 IST" skipped="0">
  <testcase classname="Base.BrowserLaunch" name="launch_URL" time="2.755"/>
  <system-out/>
</testsuite> <!-- Base.BrowserLaunch -->
