<?xml version="1.0" encoding="UTF-8"?>
<!-- Generated by org.testng.reporters.JUnitReportReporter -->
<testsuite hostname="DESKTOP-HT3PLU5" failures="0" tests="16" name="Testcases.TC6_Check_Leavepage_options" time="22.716" errors="0" timestamp="2023-06-09T14:30:22 IST" skipped="0">
  <testcase classname="Testcases.TC6_Check_Leavepage_options" name="ConfigureHolidaysCheck" time="0.938"/>
  <system-out/>
  <testcase classname="Testcases.TC6_Check_Leavepage_options" name="ConfigureCheck" time="0.606"/>
  <system-out/>
  <testcase classname="Testcases.TC6_Check_Leavepage_options" name="AssignLeaveCheck" time="1.532"/>
  <system-out/>
  <testcase classname="Testcases.TC6_Check_Leavepage_options" name="MyLeaveTabCheck" time="1.112"/>
  <system-out/>
  <testcase classname="Testcases.TC6_Check_Leavepage_options" name="ConfigureLeavePeriodCheck" time="1.720"/>
  <system-out/>
  <testcase classname="Testcases.TC6_Check_Leavepage_options" name="CheckApplyTabCheck" time="4.919"/>
  <system-out/>
  <testcase classname="Testcases.TC6_Check_Leavepage_options" name="LeaveEntitlementsUsageReportCheck" time="1.738"/>
  <system-out/>
  <testcase classname="Testcases.TC6_Check_Leavepage_options" name="ConfigureLeaveTypesCheck" time="1.227"/>
  <system-out/>
  <testcase classname="Testcases.TC6_Check_Leavepage_options" name="LeaveListCheck" time="0.561"/>
  <system-out/>
  <testcase classname="Testcases.TC6_Check_Leavepage_options" name="ConfigureWorkWeekCheck" time="1.817"/>
  <system-out/>
  <testcase classname="Testcases.TC6_Check_Leavepage_options" name="MyLeaveEntitlementsUsageReportCheck" time="1.236"/>
  <system-out/>
  <testcase classname="Testcases.TC6_Check_Leavepage_options" name="EmployementEntitlementsTabCheck" time="1.237"/>
  <system-out/>
  <testcase classname="Testcases.TC6_Check_Leavepage_options" name="MyEntitlementsTabCheck" time="1.754"/>
  <system-out/>
  <testcase classname="Testcases.TC6_Check_Leavepage_options" name="AddEntitlementsTabCheck" time="1.610"/>
  <system-out/>
  <testcase classname="Testcases.TC6_Check_Leavepage_options" name="ReportTabCheck" time="0.611"/>
  <system-out/>
  <testcase classname="Testcases.TC6_Check_Leavepage_options" name="EntitlementsTabCheck" time="0.098"/>
  <system-out/>
</testsuite> <!-- Testcases.TC6_Check_Leavepage_options -->
