<?xml version="1.0" encoding="UTF-8"?>
<!-- Generated by org.testng.reporters.JUnitReportReporter -->
<testsuite hostname="DESKTOP-HT3PLU5" failures="0" tests="1" name="Testcases.TC1_Check_Valid_Login" time="1.691" errors="0" timestamp="2023-05-16T15:20:44 IST" skipped="0">
  <testcase classname="Testcases.TC1_Check_Valid_Login" name="Login" time="1.691"/>
  <system-out/>
</testsuite> <!-- Testcases.TC1_Check_Valid_Login -->
