<?xml version="1.0" encoding="UTF-8"?>
<!-- Generated by org.testng.reporters.JUnitReportReporter -->
<testsuite hostname="DESKTOP-HT3PLU5" failures="0" tests="12" name="Testcases.TC4_OrangeHome_CheckLeftPane" time="105.469" errors="0" timestamp="2023-05-16T15:25:55 IST" skipped="0">
  <testcase classname="Testcases.TC4_OrangeHome_CheckLeftPane" name="MyInfocheck" time="9.137"/>
  <system-out/>
  <testcase classname="Testcases.TC4_OrangeHome_CheckLeftPane" name="Dashboardcheck" time="7.172"/>
  <system-out/>
  <testcase classname="Testcases.TC4_OrangeHome_CheckLeftPane" name="Maintenancecheck" time="9.909"/>
  <system-out/>
  <testcase classname="Testcases.TC4_OrangeHome_CheckLeftPane" name="Admincheck" time="7.536"/>
  <system-out/>
  <testcase classname="Testcases.TC4_OrangeHome_CheckLeftPane" name="PIMcheck" time="9.029"/>
  <system-out/>
  <testcase classname="Testcases.TC4_OrangeHome_CheckLeftPane" name="Leavecheck" time="8.854"/>
  <system-out/>
  <testcase classname="Testcases.TC4_OrangeHome_CheckLeftPane" name="Questioncheck" time="10.892"/>
  <system-out/>
  <testcase classname="Testcases.TC4_OrangeHome_CheckLeftPane" name="Performancecheck" time="8.654"/>
  <system-out/>
  <testcase classname="Testcases.TC4_OrangeHome_CheckLeftPane" name="Recruitmentcheck" time="9.869"/>
  <system-out/>
  <testcase classname="Testcases.TC4_OrangeHome_CheckLeftPane" name="Timecheck" time="8.925"/>
  <system-out/>
  <testcase classname="Testcases.TC4_OrangeHome_CheckLeftPane" name="Directorycheck" time="8.546"/>
  <system-out/>
  <testcase classname="Testcases.TC4_OrangeHome_CheckLeftPane" name="Searchcheck" time="6.946"/>
  <system-out/>
</testsuite> <!-- Testcases.TC4_OrangeHome_CheckLeftPane -->
