<?xml version="1.0" encoding="UTF-8"?>
<!-- Generated by org.testng.reporters.JUnitReportReporter -->
<testsuite hostname="DESKTOP-HT3PLU5" failures="0" tests="5" name="Testcases.TC3_Check_Login_Multipleuser" time="76.403" errors="0" timestamp="2023-05-16T15:23:45 IST" skipped="0">
  <testcase classname="Testcases.TC3_Check_Login_Multipleuser" name="Login_multipleuser" time="14.676"/>
  <system-out/>
  <testcase classname="Testcases.TC3_Check_Login_Multipleuser" name="Login_multipleuser" time="17.034"/>
  <system-out/>
  <testcase classname="Testcases.TC3_Check_Login_Multipleuser" name="Login_multipleuser" time="14.563"/>
  <system-out/>
  <testcase classname="Testcases.TC3_Check_Login_Multipleuser" name="Login_multipleuser" time="14.646"/>
  <system-out/>
  <testcase classname="Testcases.TC3_Check_Login_Multipleuser" name="Login_multipleuser" time="15.484"/>
  <system-out/>
</testsuite> <!-- Testcases.TC3_Check_Login_Multipleuser -->
