<?xml version="1.0" encoding="UTF-8"?>
<!-- Generated by org.testng.reporters.JUnitReportReporter -->
<testsuite hostname="DESKTOP-HT3PLU5" failures="0" tests="1" name="Testcases.TC5_Login_Logout" time="4.718" errors="0" timestamp="2023-06-09T14:30:22 IST" skipped="0">
  <testcase classname="Testcases.TC5_Login_Logout" name="Login_Logout" time="4.718"/>
  <system-out/>
</testsuite> <!-- Testcases.TC5_Login_Logout -->
