<?xml version="1.0" encoding="UTF-8"?>
<!-- Generated by org.testng.reporters.JUnitReportReporter -->
<testsuite hostname="DESKTOP-HT3PLU5" failures="0" tests="5" name="Testcases.TC3_Check_Login_Multipleuser" time="7.380" errors="0" timestamp="2023-06-09T14:30:22 IST" skipped="0">
  <testcase classname="Testcases.TC3_Check_Login_Multipleuser" name="Login_multipleuser" time="1.717"/>
  <system-out/>
  <testcase classname="Testcases.TC3_Check_Login_Multipleuser" name="Login_multipleuser" time="1.792"/>
  <system-out/>
  <testcase classname="Testcases.TC3_Check_Login_Multipleuser" name="Login_multipleuser" time="1.724"/>
  <system-out/>
  <testcase classname="Testcases.TC3_Check_Login_Multipleuser" name="Login_multipleuser" time="0.434"/>
  <system-out/>
  <testcase classname="Testcases.TC3_Check_Login_Multipleuser" name="Login_multipleuser" time="1.713"/>
  <system-out/>
</testsuite> <!-- Testcases.TC3_Check_Login_Multipleuser -->
