<?xml version="1.0" encoding="UTF-8"?>
<!-- Generated by org.testng.reporters.JUnitReportReporter -->
<testsuite hostname="DESKTOP-HT3PLU5" failures="0" tests="1" name="Testcases.TC1_Check_Valid_Login" time="1.265" errors="0" timestamp="2023-06-09T14:30:22 IST" skipped="0">
  <testcase classname="Testcases.TC1_Check_Valid_Login" name="Valid_Login" time="1.265"/>
  <system-out/>
</testsuite> <!-- Testcases.TC1_Check_Valid_Login -->
