<?xml version="1.0" encoding="UTF-8"?>
<!-- Generated by org.testng.reporters.JUnitReportReporter -->
<testsuite hostname="DESKTOP-HT3PLU5" failures="0" tests="12" name="Testcases.TC4_OrangeHome_CheckLeftPane" time="193.610" errors="0" timestamp="2023-06-09T14:30:22 IST" skipped="0">
  <testcase classname="Testcases.TC4_OrangeHome_CheckLeftPane" name="Timecheck" time="17.472"/>
  <system-out/>
  <testcase classname="Testcases.TC4_OrangeHome_CheckLeftPane" name="Admincheck" time="13.951"/>
  <system-out/>
  <testcase classname="Testcases.TC4_OrangeHome_CheckLeftPane" name="Searchcheck" time="15.646"/>
  <system-out/>
  <testcase classname="Testcases.TC4_OrangeHome_CheckLeftPane" name="Performancecheck" time="14.969"/>
  <system-out/>
  <testcase classname="Testcases.TC4_OrangeHome_CheckLeftPane" name="Leavecheck" time="17.304"/>
  <system-out/>
  <testcase classname="Testcases.TC4_OrangeHome_CheckLeftPane" name="Dashboardcheck" time="15.092"/>
  <system-out/>
  <testcase classname="Testcases.TC4_OrangeHome_CheckLeftPane" name="MyInfocheck" time="15.507"/>
  <system-out/>
  <testcase classname="Testcases.TC4_OrangeHome_CheckLeftPane" name="Recruitmentcheck" time="16.781"/>
  <system-out/>
  <testcase classname="Testcases.TC4_OrangeHome_CheckLeftPane" name="Directorycheck" time="17.888"/>
  <system-out/>
  <testcase classname="Testcases.TC4_OrangeHome_CheckLeftPane" name="PIMcheck" time="17.076"/>
  <system-out/>
  <testcase classname="Testcases.TC4_OrangeHome_CheckLeftPane" name="Questioncheck" time="16.344"/>
  <system-out/>
  <testcase classname="Testcases.TC4_OrangeHome_CheckLeftPane" name="Maintenancecheck" time="15.580"/>
  <system-out/>
</testsuite> <!-- Testcases.TC4_OrangeHome_CheckLeftPane -->
