<?xml version="1.0" encoding="UTF-8"?>
<!-- Generated by org.testng.reporters.JUnitReportReporter -->
<testsuite hostname="DESKTOP-HT3PLU5" failures="0" tests="1" name="Testcases.TC1_Check_Login" time="1.717" errors="0" timestamp="2023-05-10T17:15:07 IST" skipped="0">
  <testcase classname="Testcases.TC1_Check_Login" name="Login" time="1.717"/>
  <system-out/>
</testsuite> <!-- Testcases.TC1_Check_Login -->
